[     982ms] [INFO] %cDownload the React DevTools for a better development experience: https://reactjs.org/link/react-devtools font-weight:bold @ http://localhost:5176/node_modules/.vite/deps/chunk-WNHV52DQ.js?v=1b9ad853:21550
[    2367ms] [INFO] [venue] subscribed to venue_live:demo_ven… @ http://localhost:5176/src/App.jsx:112
[   55269ms] ReferenceError: StatusPill is not defined
    at BookingRow (http://localhost:5176/src/views/CustomerDetailModal.jsx?t=1780938864984:326:70)
    at renderWithHooks (http://localhost:5176/node_modules/.vite/deps/chunk-WNHV52DQ.js?v=1b9ad853:11548:26)
    at updateFunctionComponent (http://localhost:5176/node_modules/.vite/deps/chunk-WNHV52DQ.js?v=1b9ad853:14582:28)
    at beginWork (http://localhost:5176/node_modules/.vite/deps/chunk-WNHV52DQ.js?v=1b9ad853:15924:22)
    at HTMLUnknownElement.callCallback2 (http://localhost:5176/node_modules/.vite/deps/chunk-WNHV52DQ.js?v=1b9ad853:3674:22)
    at Object.invokeGuardedCallbackDev (http://localhost:5176/node_modules/.vite/deps/chunk-WNHV52DQ.js?v=1b9ad853:3699:24)
    at invokeGuardedCallback (http://localhost:5176/node_modules/.vite/deps/chunk-WNHV52DQ.js?v=1b9ad853:3733:39)
    at beginWork$1 (http://localhost:5176/node_modules/.vite/deps/chunk-WNHV52DQ.js?v=1b9ad853:19765:15)
    at performUnitOfWork (http://localhost:5176/node_modules/.vite/deps/chunk-WNHV52DQ.js?v=1b9ad853:19198:20)
    at workLoopSync (http://localhost:5176/node_modules/.vite/deps/chunk-WNHV52DQ.js?v=1b9ad853:19137:13)
[   55269ms] ReferenceError: StatusPill is not defined
    at BookingRow (http://localhost:5176/src/views/CustomerDetailModal.jsx?t=1780938864984:326:70)
    at renderWithHooks (http://localhost:5176/node_modules/.vite/deps/chunk-WNHV52DQ.js?v=1b9ad853:11548:26)
    at updateFunctionComponent (http://localhost:5176/node_modules/.vite/deps/chunk-WNHV52DQ.js?v=1b9ad853:14582:28)
    at beginWork (http://localhost:5176/node_modules/.vite/deps/chunk-WNHV52DQ.js?v=1b9ad853:15924:22)
    at HTMLUnknownElement.callCallback2 (http://localhost:5176/node_modules/.vite/deps/chunk-WNHV52DQ.js?v=1b9ad853:3674:22)
    at Object.invokeGuardedCallbackDev (http://localhost:5176/node_modules/.vite/deps/chunk-WNHV52DQ.js?v=1b9ad853:3699:24)
    at invokeGuardedCallback (http://localhost:5176/node_modules/.vite/deps/chunk-WNHV52DQ.js?v=1b9ad853:3733:39)
    at beginWork$1 (http://localhost:5176/node_modules/.vite/deps/chunk-WNHV52DQ.js?v=1b9ad853:19765:15)
    at performUnitOfWork (http://localhost:5176/node_modules/.vite/deps/chunk-WNHV52DQ.js?v=1b9ad853:19198:20)
    at workLoopSync (http://localhost:5176/node_modules/.vite/deps/chunk-WNHV52DQ.js?v=1b9ad853:19137:13)
[   55270ms] [ERROR] The above error occurred in the <BookingRow> component:

    at BookingRow (http://localhost:5176/src/views/CustomerDetailModal.jsx?t=1780938864984:254:23)
    at div
    at div
    at div
    at div
    at Modal (http://localhost:5176/src/views/Modal.jsx:21:3)
    at CustomerDetailModal (http://localhost:5176/src/views/CustomerDetailModal.jsx?t=1780938864984:37:47)
    at div
    at CustomersView (http://localhost:5176/src/views/CustomersView.jsx:38:41)
    at main
    at div
    at div
    at Dashboard (http://localhost:5176/src/views/Dashboard.jsx:75:37)
    at App (http://localhost:5176/src/App.jsx:41:29)

Consider adding an error boundary to your tree to customize error handling behavior.
Visit https://reactjs.org/link/error-boundaries to learn more about error boundaries. @ http://localhost:5176/node_modules/.vite/deps/chunk-WNHV52DQ.js?v=1b9ad853:14031
[   55278ms] ReferenceError: StatusPill is not defined
    at BookingRow (http://localhost:5176/src/views/CustomerDetailModal.jsx?t=1780938864984:326:70)
    at renderWithHooks (http://localhost:5176/node_modules/.vite/deps/chunk-WNHV52DQ.js?v=1b9ad853:11548:26)
    at updateFunctionComponent (http://localhost:5176/node_modules/.vite/deps/chunk-WNHV52DQ.js?v=1b9ad853:14582:28)
    at beginWork (http://localhost:5176/node_modules/.vite/deps/chunk-WNHV52DQ.js?v=1b9ad853:15924:22)
    at beginWork$1 (http://localhost:5176/node_modules/.vite/deps/chunk-WNHV52DQ.js?v=1b9ad853:19753:22)
    at performUnitOfWork (http://localhost:5176/node_modules/.vite/deps/chunk-WNHV52DQ.js?v=1b9ad853:19198:20)
    at workLoopSync (http://localhost:5176/node_modules/.vite/deps/chunk-WNHV52DQ.js?v=1b9ad853:19137:13)
    at renderRootSync (http://localhost:5176/node_modules/.vite/deps/chunk-WNHV52DQ.js?v=1b9ad853:19116:15)
    at recoverFromConcurrentError (http://localhost:5176/node_modules/.vite/deps/chunk-WNHV52DQ.js?v=1b9ad853:18736:28)
    at performSyncWorkOnRoot (http://localhost:5176/node_modules/.vite/deps/chunk-WNHV52DQ.js?v=1b9ad853:18879:28)
[   63698ms] [INFO] [venue] subscribed to venue_live:demo_ven… @ http://localhost:5176/src/App.jsx:112
