[     624ms] [INFO] %cDownload the React DevTools for a better development experience: https://reactjs.org/link/react-devtools font-weight:bold @ http://localhost:5176/node_modules/.vite/deps/chunk-WNHV52DQ.js?v=1b9ad853:21550
[    1222ms] [INFO] [venue] subscribed to venue_live:demo_ven… @ http://localhost:5176/src/App.jsx?t=1781007391072:112
[  582656ms] [INFO] [venue] subscribed to venue_live:demo_ven… @ http://localhost:5176/src/App.jsx?t=1781008028515:112
[  594660ms] ReferenceError: freeHighlight is not defined
    at http://localhost:5176/src/views/ScheduleGrid.jsx?t=1781008040695:82:13
    at Array.map (<anonymous>)
    at ScheduleGrid (http://localhost:5176/src/views/ScheduleGrid.jsx?t=1781008040695:66:13)
    at renderWithHooks (http://localhost:5176/node_modules/.vite/deps/chunk-WNHV52DQ.js?v=1b9ad853:11548:26)
    at updateFunctionComponent (http://localhost:5176/node_modules/.vite/deps/chunk-WNHV52DQ.js?v=1b9ad853:14582:28)
    at beginWork (http://localhost:5176/node_modules/.vite/deps/chunk-WNHV52DQ.js?v=1b9ad853:15924:22)
    at HTMLUnknownElement.callCallback2 (http://localhost:5176/node_modules/.vite/deps/chunk-WNHV52DQ.js?v=1b9ad853:3674:22)
    at Object.invokeGuardedCallbackDev (http://localhost:5176/node_modules/.vite/deps/chunk-WNHV52DQ.js?v=1b9ad853:3699:24)
    at invokeGuardedCallback (http://localhost:5176/node_modules/.vite/deps/chunk-WNHV52DQ.js?v=1b9ad853:3733:39)
    at beginWork$1 (http://localhost:5176/node_modules/.vite/deps/chunk-WNHV52DQ.js?v=1b9ad853:19765:15)
[  594666ms] ReferenceError: freeHighlight is not defined
    at http://localhost:5176/src/views/ScheduleGrid.jsx?t=1781008040695:82:13
    at Array.map (<anonymous>)
    at ScheduleGrid (http://localhost:5176/src/views/ScheduleGrid.jsx?t=1781008040695:66:13)
    at renderWithHooks (http://localhost:5176/node_modules/.vite/deps/chunk-WNHV52DQ.js?v=1b9ad853:11548:26)
    at updateFunctionComponent (http://localhost:5176/node_modules/.vite/deps/chunk-WNHV52DQ.js?v=1b9ad853:14582:28)
    at beginWork (http://localhost:5176/node_modules/.vite/deps/chunk-WNHV52DQ.js?v=1b9ad853:15924:22)
    at HTMLUnknownElement.callCallback2 (http://localhost:5176/node_modules/.vite/deps/chunk-WNHV52DQ.js?v=1b9ad853:3674:22)
    at Object.invokeGuardedCallbackDev (http://localhost:5176/node_modules/.vite/deps/chunk-WNHV52DQ.js?v=1b9ad853:3699:24)
    at invokeGuardedCallback (http://localhost:5176/node_modules/.vite/deps/chunk-WNHV52DQ.js?v=1b9ad853:3733:39)
    at beginWork$1 (http://localhost:5176/node_modules/.vite/deps/chunk-WNHV52DQ.js?v=1b9ad853:19765:15)
[  594631ms] [ERROR] The above error occurred in the <ScheduleGrid> component:

    at ScheduleGrid (http://localhost:5176/src/views/ScheduleGrid.jsx?t=1781008040695:21:40)
    at div
    at section
    at div
    at BookingsView (http://localhost:5176/src/views/BookingsView.jsx?t=1781008028515:84:40)
    at main
    at div
    at div
    at Dashboard (http://localhost:5176/src/views/Dashboard.jsx?t=1781008028515:75:37)
    at App (http://localhost:5176/src/App.jsx?t=1781008028515:41:29)

Consider adding an error boundary to your tree to customize error handling behavior.
Visit https://reactjs.org/link/error-boundaries to learn more about error boundaries. @ http://localhost:5176/node_modules/.vite/deps/chunk-WNHV52DQ.js?v=1b9ad853:14031
[  594667ms] ReferenceError: freeHighlight is not defined
    at http://localhost:5176/src/views/ScheduleGrid.jsx?t=1781008040695:82:13
    at Array.map (<anonymous>)
    at ScheduleGrid (http://localhost:5176/src/views/ScheduleGrid.jsx?t=1781008040695:66:13)
    at renderWithHooks (http://localhost:5176/node_modules/.vite/deps/chunk-WNHV52DQ.js?v=1b9ad853:11548:26)
    at updateFunctionComponent (http://localhost:5176/node_modules/.vite/deps/chunk-WNHV52DQ.js?v=1b9ad853:14582:28)
    at beginWork (http://localhost:5176/node_modules/.vite/deps/chunk-WNHV52DQ.js?v=1b9ad853:15924:22)
    at beginWork$1 (http://localhost:5176/node_modules/.vite/deps/chunk-WNHV52DQ.js?v=1b9ad853:19753:22)
    at performUnitOfWork (http://localhost:5176/node_modules/.vite/deps/chunk-WNHV52DQ.js?v=1b9ad853:19198:20)
    at workLoopSync (http://localhost:5176/node_modules/.vite/deps/chunk-WNHV52DQ.js?v=1b9ad853:19137:13)
    at renderRootSync (http://localhost:5176/node_modules/.vite/deps/chunk-WNHV52DQ.js?v=1b9ad853:19116:15)
[  604830ms] [INFO] [venue] subscribed to venue_live:demo_ven… @ http://localhost:5176/src/App.jsx?t=1781008028515:112
